27/01/2024, 18:12:03
Method: POST, Route: /api/login/
----------------------
27/01/2024, 18:12:04
Method: GET, Route: /api/follows/followers-count/
----------------------
27/01/2024, 18:12:04
Method: GET, Route: /api/follows/followers-count/
----------------------
27/01/2024, 18:12:04
Method: GET, Route: /api/vacations/
----------------------
27/01/2024, 18:12:04
Method: GET, Route: /api/vacations/
----------------------
27/01/2024, 18:12:04
Method: GET, Route: /api/follows/followed-by-user/1
----------------------
27/01/2024, 18:12:04
Method: GET, Route: /api/follows/followed-by-user/1
----------------------
27/01/2024, 18:12:04
Method: GET, Route: /api/vacations/images/9c4f688a-8276-49d7-b403-71d4088e3ae8.jpeg
----------------------
27/01/2024, 18:12:04
Method: GET, Route: /api/vacations/images/2de73a08-0b93-4833-a3b2-c36ae26129ef.jpg
----------------------
27/01/2024, 18:12:04
Method: GET, Route: /api/vacations/images/c025d35d-2982-496f-965f-823160885baf.jpg
----------------------
27/01/2024, 18:12:04
Method: GET, Route: /api/vacations/images/dbd760b8-a2b5-4a6b-bb86-a913cd80ba2b.webp
----------------------
27/01/2024, 18:12:04
Method: GET, Route: /api/vacations/images/b04ac356-7ae1-4b2d-a005-8fc16e88bf56.webp
----------------------
27/01/2024, 18:12:04
Method: GET, Route: /api/vacations/images/8420e792-1be9-4c1a-979a-b47f82f98a06.webp
----------------------
27/01/2024, 18:12:04
Method: GET, Route: /api/vacations/images/69c8c92d-3f2a-4c18-91ef-e7d89ee87b41.jpg
----------------------
27/01/2024, 18:12:04
Method: GET, Route: /api/vacations/images/3d3a99e5-57a6-4dd1-940c-0da85f08b9f6.jpeg
----------------------
27/01/2024, 18:12:04
Method: GET, Route: /api/vacations/images/51523a93-fd18-4eeb-aabf-b2acf946edf0.jpg
----------------------
27/01/2024, 18:12:26
Method: GET, Route: /api/follows/followers-count/
----------------------
27/01/2024, 18:12:26
Method: GET, Route: /api/follows/followers-count/
----------------------
27/01/2024, 18:12:26
Method: GET, Route: /api/vacations/
----------------------
27/01/2024, 18:12:27
Method: GET, Route: /api/vacations/
----------------------
27/01/2024, 18:12:27
Method: GET, Route: /api/follows/followed-by-user/1
----------------------
27/01/2024, 18:12:27
Method: GET, Route: /api/follows/followed-by-user/1
----------------------
27/01/2024, 18:12:27
Method: GET, Route: /api/vacations/images/9c4f688a-8276-49d7-b403-71d4088e3ae8.jpeg
----------------------
27/01/2024, 18:12:27
Method: GET, Route: /api/vacations/images/dbd760b8-a2b5-4a6b-bb86-a913cd80ba2b.webp
----------------------
27/01/2024, 18:12:27
Method: GET, Route: /api/vacations/images/b04ac356-7ae1-4b2d-a005-8fc16e88bf56.webp
----------------------
27/01/2024, 18:12:27
Method: GET, Route: /api/vacations/images/2de73a08-0b93-4833-a3b2-c36ae26129ef.jpg
----------------------
27/01/2024, 18:12:27
Method: GET, Route: /api/vacations/images/8420e792-1be9-4c1a-979a-b47f82f98a06.webp
----------------------
27/01/2024, 18:12:27
Method: GET, Route: /api/vacations/images/c025d35d-2982-496f-965f-823160885baf.jpg
----------------------
27/01/2024, 18:12:27
Method: GET, Route: /api/vacations/images/69c8c92d-3f2a-4c18-91ef-e7d89ee87b41.jpg
----------------------
27/01/2024, 18:12:27
Method: GET, Route: /api/vacations/images/3d3a99e5-57a6-4dd1-940c-0da85f08b9f6.jpeg
----------------------
27/01/2024, 18:12:27
Method: GET, Route: /api/vacations/images/51523a93-fd18-4eeb-aabf-b2acf946edf0.jpg
----------------------
27/01/2024, 18:12:35
Method: POST, Route: /api/login/
----------------------
27/01/2024, 18:12:35
Method: GET, Route: /api/vacations/
----------------------
27/01/2024, 18:12:35
Method: GET, Route: /api/vacations/
----------------------
27/01/2024, 18:12:35
Method: GET, Route: /api/follows/followed-by-user/2
----------------------
27/01/2024, 18:12:35
Method: GET, Route: /api/follows/followed-by-user/2
----------------------
27/01/2024, 18:13:12
Method: PUT, Route: /api/vacations/1
----------------------
27/01/2024, 18:13:18
Method: GET, Route: /api/follows/followers-count/
----------------------
27/01/2024, 18:13:18
Method: GET, Route: /api/follows/followers-count/
----------------------
27/01/2024, 18:13:18
Method: GET, Route: /api/vacations/
----------------------
27/01/2024, 18:13:18
Method: GET, Route: /api/vacations/
----------------------
27/01/2024, 18:13:18
Method: GET, Route: /api/follows/followed-by-user/2
----------------------
27/01/2024, 18:13:18
Method: GET, Route: /api/follows/followed-by-user/2
----------------------
27/01/2024, 18:13:18
Method: GET, Route: /api/vacations/images/9c4f688a-8276-49d7-b403-71d4088e3ae8.jpeg
----------------------
27/01/2024, 18:13:18
Method: GET, Route: /api/vacations/images/c025d35d-2982-496f-965f-823160885baf.jpg
----------------------
27/01/2024, 18:13:18
Method: GET, Route: /api/vacations/images/dbd760b8-a2b5-4a6b-bb86-a913cd80ba2b.webp
----------------------
27/01/2024, 18:13:18
Method: GET, Route: /api/vacations/images/b04ac356-7ae1-4b2d-a005-8fc16e88bf56.webp
----------------------
27/01/2024, 18:13:18
Method: GET, Route: /api/vacations/images/2de73a08-0b93-4833-a3b2-c36ae26129ef.jpg
----------------------
27/01/2024, 18:13:18
Method: GET, Route: /api/vacations/images/8420e792-1be9-4c1a-979a-b47f82f98a06.webp
----------------------
27/01/2024, 18:13:18
Method: GET, Route: /api/vacations/images/69c8c92d-3f2a-4c18-91ef-e7d89ee87b41.jpg
----------------------
27/01/2024, 18:13:18
Method: GET, Route: /api/vacations/images/3d3a99e5-57a6-4dd1-940c-0da85f08b9f6.jpeg
----------------------
27/01/2024, 18:13:18
Method: GET, Route: /api/vacations/images/51523a93-fd18-4eeb-aabf-b2acf946edf0.jpg
----------------------
27/01/2024, 18:13:30
Method: GET, Route: /api/follows/followers-count/
----------------------
27/01/2024, 18:13:30
Method: GET, Route: /api/follows/followers-count/
----------------------
27/01/2024, 18:13:30
Method: GET, Route: /api/vacations/
----------------------
27/01/2024, 18:13:30
Method: GET, Route: /api/vacations/
----------------------
27/01/2024, 18:13:30
Method: GET, Route: /api/follows/followed-by-user/2
----------------------
27/01/2024, 18:13:30
Method: GET, Route: /api/follows/followed-by-user/2
----------------------
27/01/2024, 18:13:30
Method: GET, Route: /api/vacations/images/9c4f688a-8276-49d7-b403-71d4088e3ae8.jpeg
----------------------
27/01/2024, 18:13:30
Method: GET, Route: /api/vacations/images/c025d35d-2982-496f-965f-823160885baf.jpg
----------------------
27/01/2024, 18:13:30
Method: GET, Route: /api/vacations/images/2de73a08-0b93-4833-a3b2-c36ae26129ef.jpg
----------------------
27/01/2024, 18:13:30
Method: GET, Route: /api/vacations/images/dbd760b8-a2b5-4a6b-bb86-a913cd80ba2b.webp
----------------------
27/01/2024, 18:13:30
Method: GET, Route: /api/vacations/images/b04ac356-7ae1-4b2d-a005-8fc16e88bf56.webp
----------------------
27/01/2024, 18:13:30
Method: GET, Route: /api/vacations/images/8420e792-1be9-4c1a-979a-b47f82f98a06.webp
----------------------
27/01/2024, 18:13:30
Method: GET, Route: /api/vacations/images/69c8c92d-3f2a-4c18-91ef-e7d89ee87b41.jpg
----------------------
27/01/2024, 18:13:30
Method: GET, Route: /api/vacations/images/3d3a99e5-57a6-4dd1-940c-0da85f08b9f6.jpeg
----------------------
27/01/2024, 18:13:30
Method: GET, Route: /api/vacations/images/51523a93-fd18-4eeb-aabf-b2acf946edf0.jpg
----------------------
28/01/2024, 14:56:31
Method: GET, Route: /api/follows/followers-count/
----------------------
28/01/2024, 14:56:31
Method: GET, Route: /api/follows/followers-count/
----------------------
28/01/2024, 14:56:31
Method: GET, Route: /api/vacations/
----------------------
28/01/2024, 14:56:31
Method: GET, Route: /api/vacations/
----------------------
28/01/2024, 14:56:31
Method: GET, Route: /api/follows/followed-by-user/2
----------------------
28/01/2024, 14:56:31
Method: GET, Route: /api/follows/followed-by-user/2
----------------------
28/01/2024, 14:56:31
Method: GET, Route: /api/vacations/images/9c4f688a-8276-49d7-b403-71d4088e3ae8.jpeg
----------------------
28/01/2024, 14:56:31
Method: GET, Route: /api/vacations/images/c025d35d-2982-496f-965f-823160885baf.jpg
----------------------
28/01/2024, 14:56:31
Method: GET, Route: /api/vacations/images/dbd760b8-a2b5-4a6b-bb86-a913cd80ba2b.webp
----------------------
28/01/2024, 14:56:31
Method: GET, Route: /api/vacations/images/b04ac356-7ae1-4b2d-a005-8fc16e88bf56.webp
----------------------
28/01/2024, 14:56:31
Method: GET, Route: /api/vacations/images/2de73a08-0b93-4833-a3b2-c36ae26129ef.jpg
----------------------
28/01/2024, 14:56:31
Method: GET, Route: /api/vacations/images/8420e792-1be9-4c1a-979a-b47f82f98a06.webp
----------------------
28/01/2024, 14:56:31
Method: GET, Route: /api/vacations/images/69c8c92d-3f2a-4c18-91ef-e7d89ee87b41.jpg
----------------------
28/01/2024, 14:56:31
Method: GET, Route: /api/vacations/images/3d3a99e5-57a6-4dd1-940c-0da85f08b9f6.jpeg
----------------------
28/01/2024, 14:56:31
Method: GET, Route: /api/vacations/images/51523a93-fd18-4eeb-aabf-b2acf946edf0.jpg
----------------------
28/01/2024, 14:57:01
Method: POST, Route: /api/login/
----------------------
28/01/2024, 14:57:01
Method: GET, Route: /api/vacations/
----------------------
28/01/2024, 14:57:01
Method: GET, Route: /api/vacations/
----------------------
28/01/2024, 14:57:01
Method: GET, Route: /api/follows/followed-by-user/1
----------------------
28/01/2024, 14:57:01
Method: GET, Route: /api/follows/followed-by-user/1
----------------------
28/01/2024, 14:57:01
Method: GET, Route: /api/vacations/images/9c4f688a-8276-49d7-b403-71d4088e3ae8.jpeg
----------------------
28/01/2024, 14:57:01
Method: GET, Route: /api/vacations/images/dbd760b8-a2b5-4a6b-bb86-a913cd80ba2b.webp
----------------------
28/01/2024, 14:57:01
Method: GET, Route: /api/vacations/images/8420e792-1be9-4c1a-979a-b47f82f98a06.webp
----------------------
28/01/2024, 14:57:01
Method: GET, Route: /api/vacations/images/c025d35d-2982-496f-965f-823160885baf.jpg
----------------------
28/01/2024, 14:57:01
Method: GET, Route: /api/vacations/images/b04ac356-7ae1-4b2d-a005-8fc16e88bf56.webp
----------------------
28/01/2024, 14:57:01
Method: GET, Route: /api/vacations/images/2de73a08-0b93-4833-a3b2-c36ae26129ef.jpg
----------------------
28/01/2024, 14:57:01
Method: GET, Route: /api/vacations/images/69c8c92d-3f2a-4c18-91ef-e7d89ee87b41.jpg
----------------------
28/01/2024, 14:57:01
Method: GET, Route: /api/vacations/images/3d3a99e5-57a6-4dd1-940c-0da85f08b9f6.jpeg
----------------------
28/01/2024, 14:57:01
Method: GET, Route: /api/vacations/images/51523a93-fd18-4eeb-aabf-b2acf946edf0.jpg
----------------------
28/01/2024, 14:57:08
Method: GET, Route: /api/follows/followers-count/
----------------------
28/01/2024, 14:57:08
Method: GET, Route: /api/follows/followers-count/
----------------------
28/01/2024, 14:57:08
Method: GET, Route: /api/follows/followers-count/
----------------------
28/01/2024, 14:57:08
Method: GET, Route: /api/follows/followers-count/
----------------------
28/01/2024, 14:57:09
Method: GET, Route: /api/follows/followers-count/
----------------------
28/01/2024, 14:57:09
Method: GET, Route: /api/follows/followers-count/
----------------------
28/01/2024, 14:57:09
Method: GET, Route: /api/follows/followers-count/
----------------------
28/01/2024, 14:57:09
Method: GET, Route: /api/follows/followers-count/
----------------------
28/01/2024, 14:57:46
Method: GET, Route: /api/vacations/
----------------------
28/01/2024, 14:57:46
Method: GET, Route: /api/vacations/
----------------------
28/01/2024, 14:57:46
Method: GET, Route: /api/follows/followed-by-user/1
----------------------
28/01/2024, 14:57:46
Method: GET, Route: /api/follows/followed-by-user/1
----------------------
28/01/2024, 14:57:46
Method: GET, Route: /api/vacations/images/9c4f688a-8276-49d7-b403-71d4088e3ae8.jpeg
----------------------
28/01/2024, 14:57:46
Method: GET, Route: /api/vacations/images/c025d35d-2982-496f-965f-823160885baf.jpg
----------------------
28/01/2024, 14:57:46
Method: GET, Route: /api/vacations/images/dbd760b8-a2b5-4a6b-bb86-a913cd80ba2b.webp
----------------------
28/01/2024, 14:57:46
Method: GET, Route: /api/vacations/images/b04ac356-7ae1-4b2d-a005-8fc16e88bf56.webp
----------------------
28/01/2024, 14:57:46
Method: GET, Route: /api/vacations/images/2de73a08-0b93-4833-a3b2-c36ae26129ef.jpg
----------------------
28/01/2024, 14:57:46
Method: GET, Route: /api/vacations/images/8420e792-1be9-4c1a-979a-b47f82f98a06.webp
----------------------
28/01/2024, 14:57:46
Method: GET, Route: /api/vacations/images/69c8c92d-3f2a-4c18-91ef-e7d89ee87b41.jpg
----------------------
28/01/2024, 14:57:46
Method: GET, Route: /api/vacations/images/3d3a99e5-57a6-4dd1-940c-0da85f08b9f6.jpeg
----------------------
28/01/2024, 14:57:46
Method: GET, Route: /api/vacations/images/51523a93-fd18-4eeb-aabf-b2acf946edf0.jpg
----------------------
28/01/2024, 15:00:40
Method: GET, Route: /api/vacations/images/c025d35d-2982-496f-965f-823160885baf.jpg
----------------------
28/01/2024, 15:00:40
Method: GET, Route: /api/vacations/images/8420e792-1be9-4c1a-979a-b47f82f98a06.webp
----------------------
28/01/2024, 15:00:40
Method: GET, Route: /api/vacations/images/b04ac356-7ae1-4b2d-a005-8fc16e88bf56.webp
----------------------
28/01/2024, 15:00:40
Method: GET, Route: /api/vacations/images/dbd760b8-a2b5-4a6b-bb86-a913cd80ba2b.webp
----------------------
28/01/2024, 15:00:40
Method: GET, Route: /api/vacations/images/2de73a08-0b93-4833-a3b2-c36ae26129ef.jpg
----------------------
28/01/2024, 15:00:40
Method: GET, Route: /api/vacations/images/69c8c92d-3f2a-4c18-91ef-e7d89ee87b41.jpg
----------------------
28/01/2024, 15:00:40
Method: GET, Route: /api/vacations/images/3d3a99e5-57a6-4dd1-940c-0da85f08b9f6.jpeg
----------------------
28/01/2024, 15:00:40
Method: GET, Route: /api/vacations/images/51523a93-fd18-4eeb-aabf-b2acf946edf0.jpg
----------------------
28/01/2024, 15:00:46
Method: GET, Route: /api/vacations/images/711971d9-1c60-4973-a337-4c05c98f2fa8.jpeg
----------------------
28/01/2024, 15:00:46
Method: GET, Route: /api/vacations/images/4558232a-cef4-4d8c-90d8-b73c64a7ba49.webp
----------------------
28/01/2024, 15:00:46
Method: GET, Route: /api/vacations/images/1e2380a9-580e-42f3-aa81-d419f2d626df.jpg
----------------------
28/01/2024, 15:00:46
Method: GET, Route: /api/vacations/images/0bc1e1c1-2818-42f9-a323-bce16c290372.webp
----------------------
28/01/2024, 15:00:46
Method: GET, Route: /api/vacations/images/9f05d3a0-67f8-445f-b999-1b1862fad32d.webp
----------------------
28/01/2024, 15:00:46
Method: GET, Route: /api/vacations/images/3abfb489-75f4-4661-9f2b-30e98cfeee40.jpeg
----------------------
28/01/2024, 15:00:46
Method: GET, Route: /api/vacations/images/b35a7651-a490-40d4-b10f-9b7862574652.jpg
----------------------
28/01/2024, 15:00:46
Method: GET, Route: /api/vacations/images/05be96f9-9314-42bf-8cc2-dbea47308545.jpg
----------------------
28/01/2024, 15:00:46
Method: GET, Route: /api/vacations/images/cf1a68e8-e87f-4d41-b0ec-e720e501409a.webp
----------------------
28/01/2024, 15:00:53
Method: GET, Route: /api/vacations/images/ac2e3ba7-e28e-4378-9051-f4475f86e4a0.jpg
----------------------
28/01/2024, 15:01:11
Method: GET, Route: /api/follows/followers-count/
----------------------
28/01/2024, 15:01:11
Method: GET, Route: /api/follows/followers-count/
----------------------
28/01/2024, 15:01:11
Method: GET, Route: /api/vacations/
----------------------
28/01/2024, 15:01:11
Method: GET, Route: /api/vacations/
----------------------
28/01/2024, 15:01:11
Method: GET, Route: /api/follows/followed-by-user/1
----------------------
28/01/2024, 15:01:11
Method: GET, Route: /api/follows/followed-by-user/1
----------------------
28/01/2024, 15:01:11
Method: GET, Route: /api/vacations/images/9c4f688a-8276-49d7-b403-71d4088e3ae8.jpeg
----------------------
28/01/2024, 15:01:11
Method: GET, Route: /api/vacations/images/c025d35d-2982-496f-965f-823160885baf.jpg
----------------------
28/01/2024, 15:01:11
Method: GET, Route: /api/vacations/images/dbd760b8-a2b5-4a6b-bb86-a913cd80ba2b.webp
----------------------
28/01/2024, 15:01:11
Method: GET, Route: /api/vacations/images/2de73a08-0b93-4833-a3b2-c36ae26129ef.jpg
----------------------
28/01/2024, 15:01:11
Method: GET, Route: /api/vacations/images/8420e792-1be9-4c1a-979a-b47f82f98a06.webp
----------------------
28/01/2024, 15:01:11
Method: GET, Route: /api/vacations/images/b04ac356-7ae1-4b2d-a005-8fc16e88bf56.webp
----------------------
28/01/2024, 15:01:11
Method: GET, Route: /api/vacations/images/69c8c92d-3f2a-4c18-91ef-e7d89ee87b41.jpg
----------------------
28/01/2024, 15:01:11
Method: GET, Route: /api/vacations/images/3d3a99e5-57a6-4dd1-940c-0da85f08b9f6.jpeg
----------------------
28/01/2024, 15:01:11
Method: GET, Route: /api/vacations/images/51523a93-fd18-4eeb-aabf-b2acf946edf0.jpg
----------------------
28/01/2024, 15:01:22
Method: POST, Route: /api/login/
----------------------
28/01/2024, 15:01:22
Method: GET, Route: /api/vacations/
----------------------
28/01/2024, 15:01:22
Method: GET, Route: /api/vacations/
----------------------
28/01/2024, 15:01:22
Method: GET, Route: /api/follows/followed-by-user/2
----------------------
28/01/2024, 15:01:22
Method: GET, Route: /api/follows/followed-by-user/2
----------------------
28/01/2024, 15:01:33
Method: POST, Route: /api/follows/2
----------------------
28/01/2024, 15:01:41
Method: DELETE, Route: /api/follows/2
----------------------
28/01/2024, 15:01:51
Method: GET, Route: /api/vacations/images/0bc1e1c1-2818-42f9-a323-bce16c290372.webp
----------------------
28/01/2024, 15:01:51
Method: GET, Route: /api/vacations/images/4558232a-cef4-4d8c-90d8-b73c64a7ba49.webp
----------------------
28/01/2024, 15:01:51
Method: GET, Route: /api/vacations/images/3abfb489-75f4-4661-9f2b-30e98cfeee40.jpeg
----------------------
28/01/2024, 15:01:51
Method: GET, Route: /api/vacations/images/1e2380a9-580e-42f3-aa81-d419f2d626df.jpg
----------------------
28/01/2024, 15:01:51
Method: GET, Route: /api/vacations/images/cf1a68e8-e87f-4d41-b0ec-e720e501409a.webp
----------------------
28/01/2024, 15:01:51
Method: GET, Route: /api/vacations/images/9f05d3a0-67f8-445f-b999-1b1862fad32d.webp
----------------------
28/01/2024, 15:01:51
Method: GET, Route: /api/vacations/images/05be96f9-9314-42bf-8cc2-dbea47308545.jpg
----------------------
28/01/2024, 15:01:51
Method: GET, Route: /api/vacations/images/b35a7651-a490-40d4-b10f-9b7862574652.jpg
----------------------
28/01/2024, 15:01:51
Method: GET, Route: /api/vacations/images/ac2e3ba7-e28e-4378-9051-f4475f86e4a0.jpg
----------------------
28/01/2024, 15:02:07
Method: DELETE, Route: /api/follows/9
----------------------
28/01/2024, 15:02:08
Method: DELETE, Route: /api/follows/1
----------------------
28/01/2024, 15:02:18
Method: POST, Route: /api/follows/1
----------------------
28/01/2024, 15:02:19
Method: POST, Route: /api/follows/9
----------------------
28/01/2024, 15:02:22
Method: DELETE, Route: /api/follows/9
----------------------
28/01/2024, 15:02:23
Method: DELETE, Route: /api/follows/1
----------------------
28/01/2024, 15:02:27
Method: POST, Route: /api/follows/9
----------------------
28/01/2024, 15:02:28
Method: POST, Route: /api/follows/1
----------------------
28/01/2024, 17:56:54
Method: POST, Route: /api/login/
----------------------
28/01/2024, 17:56:54
Method: GET, Route: /api/follows/followers-count/
----------------------
28/01/2024, 17:56:54
Method: GET, Route: /api/follows/followers-count/
----------------------
28/01/2024, 17:56:54
Method: GET, Route: /api/vacations/
----------------------
28/01/2024, 17:56:54
Method: GET, Route: /api/vacations/
----------------------
28/01/2024, 17:56:54
Method: GET, Route: /api/follows/followed-by-user/2
----------------------
28/01/2024, 17:56:54
Method: GET, Route: /api/follows/followed-by-user/2
----------------------
28/01/2024, 17:56:54
Method: GET, Route: /api/vacations/images/9c4f688a-8276-49d7-b403-71d4088e3ae8.jpeg
----------------------
28/01/2024, 17:56:54
Method: GET, Route: /api/vacations/images/dbd760b8-a2b5-4a6b-bb86-a913cd80ba2b.webp
----------------------
28/01/2024, 17:56:54
Method: GET, Route: /api/vacations/images/b04ac356-7ae1-4b2d-a005-8fc16e88bf56.webp
----------------------
28/01/2024, 17:56:54
Method: GET, Route: /api/vacations/images/2de73a08-0b93-4833-a3b2-c36ae26129ef.jpg
----------------------
28/01/2024, 17:56:54
Method: GET, Route: /api/vacations/images/c025d35d-2982-496f-965f-823160885baf.jpg
----------------------
28/01/2024, 17:56:54
Method: GET, Route: /api/vacations/images/8420e792-1be9-4c1a-979a-b47f82f98a06.webp
----------------------
28/01/2024, 17:56:55
Method: GET, Route: /api/vacations/images/69c8c92d-3f2a-4c18-91ef-e7d89ee87b41.jpg
----------------------
28/01/2024, 17:56:55
Method: GET, Route: /api/vacations/images/3d3a99e5-57a6-4dd1-940c-0da85f08b9f6.jpeg
----------------------
28/01/2024, 17:56:55
Method: GET, Route: /api/vacations/images/51523a93-fd18-4eeb-aabf-b2acf946edf0.jpg
----------------------
28/01/2024, 17:57:07
Method: POST, Route: /api/follows/2
----------------------
28/01/2024, 17:57:08
Method: DELETE, Route: /api/follows/2
----------------------
28/01/2024, 17:57:16
Method: GET, Route: /api/vacations/images/4558232a-cef4-4d8c-90d8-b73c64a7ba49.webp
----------------------
28/01/2024, 17:57:16
Method: GET, Route: /api/vacations/images/1e2380a9-580e-42f3-aa81-d419f2d626df.jpg
----------------------
28/01/2024, 17:57:16
Method: GET, Route: /api/vacations/images/0bc1e1c1-2818-42f9-a323-bce16c290372.webp
----------------------
28/01/2024, 17:57:16
Method: GET, Route: /api/vacations/images/3abfb489-75f4-4661-9f2b-30e98cfeee40.jpeg
----------------------
28/01/2024, 17:57:16
Method: GET, Route: /api/vacations/images/9f05d3a0-67f8-445f-b999-1b1862fad32d.webp
----------------------
28/01/2024, 17:57:16
Method: GET, Route: /api/vacations/images/cf1a68e8-e87f-4d41-b0ec-e720e501409a.webp
----------------------
28/01/2024, 17:57:16
Method: GET, Route: /api/vacations/images/05be96f9-9314-42bf-8cc2-dbea47308545.jpg
----------------------
28/01/2024, 17:57:16
Method: GET, Route: /api/vacations/images/b35a7651-a490-40d4-b10f-9b7862574652.jpg
----------------------
28/01/2024, 17:57:16
Method: GET, Route: /api/vacations/images/ac2e3ba7-e28e-4378-9051-f4475f86e4a0.jpg
----------------------
28/01/2024, 17:57:17
Method: GET, Route: /api/vacations/images/3d3a99e5-57a6-4dd1-940c-0da85f08b9f6.jpeg
----------------------
28/01/2024, 17:57:20
Method: GET, Route: /api/vacations/images/9c4f688a-8276-49d7-b403-71d4088e3ae8.jpeg
----------------------
28/01/2024, 17:57:20
Method: GET, Route: /api/vacations/images/c025d35d-2982-496f-965f-823160885baf.jpg
----------------------
28/01/2024, 17:57:22
Method: GET, Route: /api/vacations/images/dbd760b8-a2b5-4a6b-bb86-a913cd80ba2b.webp
----------------------
28/01/2024, 17:57:22
Method: GET, Route: /api/vacations/images/b04ac356-7ae1-4b2d-a005-8fc16e88bf56.webp
----------------------
28/01/2024, 17:57:22
Method: GET, Route: /api/vacations/images/2de73a08-0b93-4833-a3b2-c36ae26129ef.jpg
----------------------
28/01/2024, 17:57:22
Method: GET, Route: /api/vacations/images/8420e792-1be9-4c1a-979a-b47f82f98a06.webp
----------------------
28/01/2024, 17:57:22
Method: GET, Route: /api/vacations/images/3d3a99e5-57a6-4dd1-940c-0da85f08b9f6.jpeg
----------------------
28/01/2024, 17:57:22
Method: GET, Route: /api/vacations/images/69c8c92d-3f2a-4c18-91ef-e7d89ee87b41.jpg
----------------------
28/01/2024, 17:57:22
Method: GET, Route: /api/vacations/images/51523a93-fd18-4eeb-aabf-b2acf946edf0.jpg
----------------------
28/01/2024, 17:57:23
Method: DELETE, Route: /api/follows/9
----------------------
28/01/2024, 17:57:24
Method: DELETE, Route: /api/follows/1
----------------------
28/01/2024, 17:57:31
Method: POST, Route: /api/follows/1
----------------------
28/01/2024, 17:57:32
Method: POST, Route: /api/follows/9
----------------------
28/01/2024, 17:57:45
Method: POST, Route: /api/login/
----------------------
28/01/2024, 17:57:45
Method: GET, Route: /api/vacations/
----------------------
28/01/2024, 17:57:45
Method: GET, Route: /api/vacations/
----------------------
28/01/2024, 17:57:45
Method: GET, Route: /api/follows/followed-by-user/2
----------------------
28/01/2024, 17:57:45
Method: GET, Route: /api/follows/followed-by-user/2
----------------------
28/01/2024, 17:58:06
Method: GET, Route: /api/vacations/images/711971d9-1c60-4973-a337-4c05c98f2fa8.jpeg
----------------------
28/01/2024, 17:58:06
Method: GET, Route: /api/vacations/images/1e2380a9-580e-42f3-aa81-d419f2d626df.jpg
----------------------
28/01/2024, 17:58:06
Method: GET, Route: /api/vacations/images/0bc1e1c1-2818-42f9-a323-bce16c290372.webp
----------------------
28/01/2024, 17:58:06
Method: GET, Route: /api/vacations/images/05be96f9-9314-42bf-8cc2-dbea47308545.jpg
----------------------
28/01/2024, 17:58:06
Method: GET, Route: /api/vacations/images/cf1a68e8-e87f-4d41-b0ec-e720e501409a.webp
----------------------
28/01/2024, 17:58:06
Method: GET, Route: /api/vacations/images/b35a7651-a490-40d4-b10f-9b7862574652.jpg
----------------------
28/01/2024, 17:58:06
Method: GET, Route: /api/vacations/images/3abfb489-75f4-4661-9f2b-30e98cfeee40.jpeg
----------------------
28/01/2024, 17:58:06
Method: GET, Route: /api/vacations/images/9f05d3a0-67f8-445f-b999-1b1862fad32d.webp
----------------------
28/01/2024, 17:58:07
Method: GET, Route: /api/vacations/images/ac2e3ba7-e28e-4378-9051-f4475f86e4a0.jpg
----------------------
28/01/2024, 17:58:43
Method: POST, Route: /api/login/
----------------------
28/01/2024, 17:58:43
Method: GET, Route: /api/vacations/
----------------------
28/01/2024, 17:58:43
Method: GET, Route: /api/vacations/
----------------------
28/01/2024, 17:58:43
Method: GET, Route: /api/follows/followed-by-user/1
----------------------
28/01/2024, 17:58:43
Method: GET, Route: /api/follows/followed-by-user/1
----------------------
28/01/2024, 17:59:14
Method: GET, Route: /api/vacations/images/c025d35d-2982-496f-965f-823160885baf.jpg
----------------------
28/01/2024, 17:59:14
Method: GET, Route: /api/vacations/images/dbd760b8-a2b5-4a6b-bb86-a913cd80ba2b.webp
----------------------
28/01/2024, 17:59:14
Method: GET, Route: /api/vacations/images/b04ac356-7ae1-4b2d-a005-8fc16e88bf56.webp
----------------------
28/01/2024, 17:59:14
Method: GET, Route: /api/vacations/images/2de73a08-0b93-4833-a3b2-c36ae26129ef.jpg
----------------------
28/01/2024, 17:59:14
Method: GET, Route: /api/vacations/images/8420e792-1be9-4c1a-979a-b47f82f98a06.webp
----------------------
28/01/2024, 17:59:14
Method: GET, Route: /api/vacations/images/69c8c92d-3f2a-4c18-91ef-e7d89ee87b41.jpg
----------------------
28/01/2024, 17:59:14
Method: GET, Route: /api/vacations/images/3d3a99e5-57a6-4dd1-940c-0da85f08b9f6.jpeg
----------------------
28/01/2024, 17:59:14
Method: GET, Route: /api/vacations/images/51523a93-fd18-4eeb-aabf-b2acf946edf0.jpg
----------------------
28/01/2024, 17:59:26
Method: DELETE, Route: /api/vacations/9
----------------------
28/01/2024, 17:59:26
Method: GET, Route: /api/vacations/images/711971d9-1c60-4973-a337-4c05c98f2fa8.jpeg
----------------------
28/01/2024, 18:07:47
Method: POST, Route: /api/login/
----------------------
28/01/2024, 18:07:47
Method: GET, Route: /api/follows/followers-count/
----------------------
28/01/2024, 18:07:47
Method: GET, Route: /api/follows/followers-count/
----------------------
28/01/2024, 18:07:47
Method: GET, Route: /api/vacations/
----------------------
28/01/2024, 18:07:47
Method: GET, Route: /api/vacations/
----------------------
28/01/2024, 18:07:47
Method: GET, Route: /api/follows/followed-by-user/2
----------------------
28/01/2024, 18:07:47
Method: GET, Route: /api/follows/followed-by-user/2
----------------------
28/01/2024, 18:07:47
Method: GET, Route: /api/vacations/images/c025d35d-2982-496f-965f-823160885baf.jpg
----------------------
28/01/2024, 18:07:47
Method: GET, Route: /api/vacations/images/b04ac356-7ae1-4b2d-a005-8fc16e88bf56.webp
----------------------
28/01/2024, 18:07:47
Method: GET, Route: /api/vacations/images/dbd760b8-a2b5-4a6b-bb86-a913cd80ba2b.webp
----------------------
28/01/2024, 18:07:47
Method: GET, Route: /api/vacations/images/2de73a08-0b93-4833-a3b2-c36ae26129ef.jpg
----------------------
28/01/2024, 18:07:47
Method: GET, Route: /api/vacations/images/8420e792-1be9-4c1a-979a-b47f82f98a06.webp
----------------------
28/01/2024, 18:07:47
Method: GET, Route: /api/vacations/images/69c8c92d-3f2a-4c18-91ef-e7d89ee87b41.jpg
----------------------
28/01/2024, 18:07:47
Method: GET, Route: /api/vacations/images/3d3a99e5-57a6-4dd1-940c-0da85f08b9f6.jpeg
----------------------
28/01/2024, 18:07:47
Method: GET, Route: /api/vacations/images/51523a93-fd18-4eeb-aabf-b2acf946edf0.jpg
----------------------
28/01/2024, 18:07:47
Method: GET, Route: /api/vacations/images/711971d9-1c60-4973-a337-4c05c98f2fa8.jpeg
----------------------
28/01/2024, 19:22:10
Method: GET, Route: /api/follows/followers-count/
----------------------
28/01/2024, 19:22:10
Method: GET, Route: /api/follows/followers-count/
----------------------
28/01/2024, 19:22:10
Method: GET, Route: /api/vacations/
----------------------
28/01/2024, 19:22:10
Method: GET, Route: /api/vacations/
----------------------
28/01/2024, 19:22:10
Method: GET, Route: /api/follows/followed-by-user/2
----------------------
28/01/2024, 19:22:10
Method: GET, Route: /api/follows/followed-by-user/2
----------------------
28/01/2024, 19:22:10
Method: GET, Route: /api/vacations/images/c025d35d-2982-496f-965f-823160885baf.jpg
----------------------
28/01/2024, 19:22:10
Method: GET, Route: /api/vacations/images/dbd760b8-a2b5-4a6b-bb86-a913cd80ba2b.webp
----------------------
28/01/2024, 19:22:10
Method: GET, Route: /api/vacations/images/b04ac356-7ae1-4b2d-a005-8fc16e88bf56.webp
----------------------
28/01/2024, 19:22:10
Method: GET, Route: /api/vacations/images/2de73a08-0b93-4833-a3b2-c36ae26129ef.jpg
----------------------
28/01/2024, 19:22:10
Method: GET, Route: /api/vacations/images/8420e792-1be9-4c1a-979a-b47f82f98a06.webp
----------------------
28/01/2024, 19:22:10
Method: GET, Route: /api/vacations/images/69c8c92d-3f2a-4c18-91ef-e7d89ee87b41.jpg
----------------------
28/01/2024, 19:22:10
Method: GET, Route: /api/vacations/images/3d3a99e5-57a6-4dd1-940c-0da85f08b9f6.jpeg
----------------------
28/01/2024, 19:22:10
Method: GET, Route: /api/vacations/images/51523a93-fd18-4eeb-aabf-b2acf946edf0.jpg
----------------------
28/01/2024, 19:22:10
Method: GET, Route: /api/vacations/images/711971d9-1c60-4973-a337-4c05c98f2fa8.jpeg
----------------------
31/01/2024, 22:36:23
Method: POST, Route: /api/follows/2
----------------------
31/01/2024, 22:36:24
Method: DELETE, Route: /api/follows/2
----------------------
31/01/2024, 22:36:29
Method: POST, Route: /api/follows/11
----------------------
31/01/2024, 22:36:29
Method: DELETE, Route: /api/follows/11
----------------------
31/01/2024, 22:36:30
Method: POST, Route: /api/follows/11
----------------------
31/01/2024, 22:36:31
Method: DELETE, Route: /api/follows/11
----------------------
31/01/2024, 22:36:40
Method: POST, Route: /api/follows/11
----------------------
31/01/2024, 22:36:41
Method: DELETE, Route: /api/follows/11
----------------------
31/01/2024, 22:36:42
Method: POST, Route: /api/follows/11
----------------------
31/01/2024, 22:36:43
Method: DELETE, Route: /api/follows/11
----------------------
31/01/2024, 23:08:46
Method: DELETE, Route: /api/follows/1
----------------------
31/01/2024, 23:08:46
Method: POST, Route: /api/follows/1
----------------------
31/01/2024, 23:08:48
Method: POST, Route: /api/follows/2
----------------------
31/01/2024, 23:08:48
Method: DELETE, Route: /api/follows/2
----------------------
31/01/2024, 23:08:49
Method: POST, Route: /api/follows/2
----------------------
31/01/2024, 23:08:50
Method: DELETE, Route: /api/follows/1
----------------------
31/01/2024, 23:08:51
Method: DELETE, Route: /api/follows/2
----------------------
31/01/2024, 23:08:53
Method: POST, Route: /api/follows/11
----------------------
31/01/2024, 23:08:53
Method: DELETE, Route: /api/follows/11
----------------------
02/02/2024, 16:40:17
Method: GET, Route: /api/follows/followers-count/
----------------------
02/02/2024, 16:40:17
Method: GET, Route: /api/follows/followers-count/
----------------------
02/02/2024, 16:40:17
Method: GET, Route: /api/vacations/
----------------------
02/02/2024, 16:40:17
Method: GET, Route: /api/vacations/
----------------------
02/02/2024, 16:40:41
Method: POST, Route: /api/login/
----------------------
02/02/2024, 16:40:41
Method: GET, Route: /api/vacations/
----------------------
02/02/2024, 16:40:41
Method: GET, Route: /api/vacations/
----------------------
02/02/2024, 16:40:41
Method: GET, Route: /api/follows/followed-by-user/2
----------------------
02/02/2024, 16:40:41
Method: GET, Route: /api/follows/followed-by-user/2
----------------------
02/02/2024, 16:40:41
Method: GET, Route: /api/vacations/images/c025d35d-2982-496f-965f-823160885baf.jpg
----------------------
02/02/2024, 16:40:41
Method: GET, Route: /api/vacations/images/dbd760b8-a2b5-4a6b-bb86-a913cd80ba2b.webp
----------------------
02/02/2024, 16:40:41
Method: GET, Route: /api/vacations/images/b04ac356-7ae1-4b2d-a005-8fc16e88bf56.webp
----------------------
02/02/2024, 16:40:41
Method: GET, Route: /api/vacations/images/2de73a08-0b93-4833-a3b2-c36ae26129ef.jpg
----------------------
02/02/2024, 16:40:41
Method: GET, Route: /api/vacations/images/8420e792-1be9-4c1a-979a-b47f82f98a06.webp
----------------------
02/02/2024, 16:40:41
Method: GET, Route: /api/vacations/images/69c8c92d-3f2a-4c18-91ef-e7d89ee87b41.jpg
----------------------
02/02/2024, 16:40:41
Method: GET, Route: /api/vacations/images/3d3a99e5-57a6-4dd1-940c-0da85f08b9f6.jpeg
----------------------
02/02/2024, 16:40:41
Method: GET, Route: /api/vacations/images/51523a93-fd18-4eeb-aabf-b2acf946edf0.jpg
----------------------
02/02/2024, 16:40:41
Method: GET, Route: /api/vacations/images/711971d9-1c60-4973-a337-4c05c98f2fa8.jpeg
----------------------
02/02/2024, 16:41:03
Method: POST, Route: /api/login/
----------------------
02/02/2024, 16:41:03
Method: GET, Route: /api/vacations/
----------------------
02/02/2024, 16:41:03
Method: GET, Route: /api/vacations/
----------------------
02/02/2024, 16:41:03
Method: GET, Route: /api/follows/followed-by-user/2
----------------------
02/02/2024, 16:41:03
Method: GET, Route: /api/follows/followed-by-user/2
----------------------
02/02/2024, 16:41:35
Method: POST, Route: /api/follows/2
----------------------
02/02/2024, 16:41:40
Method: DELETE, Route: /api/follows/2
----------------------
02/02/2024, 16:41:41
Method: POST, Route: /api/follows/2
----------------------
02/02/2024, 16:41:42
Method: DELETE, Route: /api/follows/2
----------------------
02/02/2024, 16:42:01
Method: POST, Route: /api/follows/2
----------------------
02/02/2024, 16:42:07
Method: GET, Route: /api/vacations/images/cf1a68e8-e87f-4d41-b0ec-e720e501409a.webp
----------------------
02/02/2024, 16:42:07
Method: GET, Route: /api/vacations/images/1e2380a9-580e-42f3-aa81-d419f2d626df.jpg
----------------------
02/02/2024, 16:42:07
Method: GET, Route: /api/vacations/images/0bc1e1c1-2818-42f9-a323-bce16c290372.webp
----------------------
02/02/2024, 16:42:07
Method: GET, Route: /api/vacations/images/9f05d3a0-67f8-445f-b999-1b1862fad32d.webp
----------------------
02/02/2024, 16:42:07
Method: GET, Route: /api/vacations/images/3abfb489-75f4-4661-9f2b-30e98cfeee40.jpeg
----------------------
02/02/2024, 16:42:07
Method: GET, Route: /api/vacations/images/05be96f9-9314-42bf-8cc2-dbea47308545.jpg
----------------------
02/02/2024, 16:42:07
Method: GET, Route: /api/vacations/images/b35a7651-a490-40d4-b10f-9b7862574652.jpg
----------------------
02/02/2024, 16:42:07
Method: GET, Route: /api/vacations/images/ac2e3ba7-e28e-4378-9051-f4475f86e4a0.jpg
----------------------
02/02/2024, 16:42:12
Method: GET, Route: /api/vacations/images/4558232a-cef4-4d8c-90d8-b73c64a7ba49.webp
----------------------
02/02/2024, 16:42:29
Method: POST, Route: /api/login/
----------------------
02/02/2024, 16:42:29
Method: GET, Route: /api/vacations/
----------------------
02/02/2024, 16:42:29
Method: GET, Route: /api/vacations/
----------------------
02/02/2024, 16:42:29
Method: GET, Route: /api/follows/followed-by-user/1
----------------------
02/02/2024, 16:42:29
Method: GET, Route: /api/follows/followed-by-user/1
----------------------
02/02/2024, 16:42:29
Method: GET, Route: /api/vacations/images/dbd760b8-a2b5-4a6b-bb86-a913cd80ba2b.webp
----------------------
02/02/2024, 16:42:29
Method: GET, Route: /api/vacations/images/2de73a08-0b93-4833-a3b2-c36ae26129ef.jpg
----------------------
02/02/2024, 16:42:29
Method: GET, Route: /api/vacations/images/8420e792-1be9-4c1a-979a-b47f82f98a06.webp
----------------------
02/02/2024, 16:42:29
Method: GET, Route: /api/vacations/images/69c8c92d-3f2a-4c18-91ef-e7d89ee87b41.jpg
----------------------
02/02/2024, 16:42:29
Method: GET, Route: /api/vacations/images/3d3a99e5-57a6-4dd1-940c-0da85f08b9f6.jpeg
----------------------
02/02/2024, 16:42:29
Method: GET, Route: /api/vacations/images/51523a93-fd18-4eeb-aabf-b2acf946edf0.jpg
----------------------
02/02/2024, 16:42:29
Method: GET, Route: /api/vacations/images/711971d9-1c60-4973-a337-4c05c98f2fa8.jpeg
----------------------
02/02/2024, 16:43:27
Method: GET, Route: /api/vacations/images/dbd760b8-a2b5-4a6b-bb86-a913cd80ba2b.webp
----------------------
02/02/2024, 16:43:27
Method: GET, Route: /api/vacations/images/2de73a08-0b93-4833-a3b2-c36ae26129ef.jpg
----------------------
02/02/2024, 16:43:27
Method: GET, Route: /api/vacations/images/3d3a99e5-57a6-4dd1-940c-0da85f08b9f6.jpeg
----------------------
02/02/2024, 16:43:27
Method: GET, Route: /api/vacations/images/8420e792-1be9-4c1a-979a-b47f82f98a06.webp
----------------------
02/02/2024, 16:43:27
Method: GET, Route: /api/vacations/images/69c8c92d-3f2a-4c18-91ef-e7d89ee87b41.jpg
----------------------
02/02/2024, 16:43:27
Method: GET, Route: /api/vacations/images/51523a93-fd18-4eeb-aabf-b2acf946edf0.jpg
----------------------
02/02/2024, 16:43:27
Method: GET, Route: /api/vacations/images/711971d9-1c60-4973-a337-4c05c98f2fa8.jpeg
----------------------
02/02/2024, 16:43:34
Method: GET, Route: /api/vacations/images/c025d35d-2982-496f-965f-823160885baf.jpg
----------------------
02/02/2024, 16:44:03
Method: GET, Route: /api/vacations/images/dbd760b8-a2b5-4a6b-bb86-a913cd80ba2b.webp
----------------------
02/02/2024, 16:44:03
Method: GET, Route: /api/vacations/images/2de73a08-0b93-4833-a3b2-c36ae26129ef.jpg
----------------------
02/02/2024, 16:44:03
Method: GET, Route: /api/vacations/images/8420e792-1be9-4c1a-979a-b47f82f98a06.webp
----------------------
02/02/2024, 16:44:03
Method: GET, Route: /api/vacations/images/69c8c92d-3f2a-4c18-91ef-e7d89ee87b41.jpg
----------------------
02/02/2024, 16:44:03
Method: GET, Route: /api/vacations/images/51523a93-fd18-4eeb-aabf-b2acf946edf0.jpg
----------------------
02/02/2024, 16:44:03
Method: GET, Route: /api/vacations/images/3d3a99e5-57a6-4dd1-940c-0da85f08b9f6.jpeg
----------------------
02/02/2024, 16:44:03
Method: GET, Route: /api/vacations/images/711971d9-1c60-4973-a337-4c05c98f2fa8.jpeg
----------------------
